<?xml version="1.0" encoding="UTF-8"?>
<!-- Generated by org.testng.reporters.JUnitXMLReporter -->
<testsuite hostname="DESKTOP-T1ACPCH" ignored="0" name="Test" tests="1" failures="1" timestamp="17 Mar 2019 11:39:22 GMT" time="38.283" errors="0">
  <testcase name="browserTest" time="38.241" classname="goaptiedemo.com.goaptive">
    <failure type="java.lang.AssertionError" message="expected [successful Login] but found [User email Id Wrong.]">
      <![CDATA[java.lang.AssertionError: expected [successful Login] but found [User email Id Wrong.]
at goaptiedemo.com.goaptive.browserTest(goaptive.java:69)
... Removed 31 stack frames]]>
    </failure>
  </testcase> <!-- browserTest -->
</testsuite> <!-- Test -->
