<?xml version="1.0" encoding="UTF-8"?>
<!-- Generated by org.testng.reporters.JUnitXMLReporter -->
<testsuite hostname="DESKTOP-T1ACPCH" ignored="0" name="Test1" tests="1" failures="1" timestamp="17 Mar 2019 11:39:32 GMT" time="9.571" errors="0">
  <testcase name="browserTest" time="9.564" classname="goaptiedemo.com.goaptive">
    <failure type="org.apache.commons.mail.EmailException" message="Sending the email to the following server failed : smtp.gmail.com:465">
      <![CDATA[org.apache.commons.mail.EmailException: Sending the email to the following server failed : smtp.gmail.com:465
at org.apache.commons.mail.Email.sendMimeMessage(Email.java:1469)
at org.apache.commons.mail.Email.send(Email.java:1496)
at goaptiedemo.com.goaptive.browserTest(goaptive.java:200)
Caused by: javax.mail.AuthenticationFailedException: 535-5.7.8 Username and Password not accepted. Learn more at
535 5.7.8  https://support.google.com/mail/?p=BadCredentials z6sm31711523pgo.31 - gsmtp

at com.sun.mail.smtp.SMTPTransport$Authenticator.authenticate(SMTPTransport.java:914)
at com.sun.mail.smtp.SMTPTransport.authenticate(SMTPTransport.java:825)
at com.sun.mail.smtp.SMTPTransport.protocolConnect(SMTPTransport.java:730)
at javax.mail.Service.connect(Service.java:388)
at javax.mail.Service.connect(Service.java:246)
at javax.mail.Service.connect(Service.java:195)
at javax.mail.Transport.send0(Transport.java:254)
at javax.mail.Transport.send(Transport.java:124)
at org.apache.commons.mail.Email.sendMimeMessage(Email.java:1459)
... 27 more
... Removed 25 stack frames]]>
    </failure>
  </testcase> <!-- browserTest -->
</testsuite> <!-- Test1 -->
