<?xml version="1.0" encoding="UTF-8"?>
<testng-results skipped="0" failed="0" ignored="0" total="1" passed="1">
  <reporter-output>
  </reporter-output>
  <suite name="Surefire suite" duration-ms="354" started-at="2019-03-13T11:05:34Z" finished-at="2019-03-13T11:05:35Z">
    <groups>
    </groups>
    <test name="Surefire test" duration-ms="354" started-at="2019-03-13T11:05:34Z" finished-at="2019-03-13T11:05:35Z">
      <class name="com.goaptive.demo.goaptiedemo.com.AppTest">
        <test-method status="PASS" signature="shouldAnswerWithTrue()" name="shouldAnswerWithTrue" duration-ms="11" started-at="2019-03-13T11:05:34Z" finished-at="2019-03-13T11:05:35Z">
          <reporter-output>
          </reporter-output>
        </test-method> <!-- shouldAnswerWithTrue -->
      </class> <!-- com.goaptive.demo.goaptiedemo.com.AppTest -->
    </test> <!-- Surefire test -->
  </suite> <!-- Surefire suite -->
</testng-results>
